<?xml version="1.0" encoding="UTF-8"?>
<!-- Generated by org.testng.reporters.JUnitXMLReporter -->
<testsuite hostname="DESKTOP-L778MDG" ignored="0" name="ContractRegistration" tests="89" failures="2" timestamp="2021-12-01T13:12:49 BRST" time="37.475" errors="0">
  <testcase name="create" time="1.463" classname="TestNG.ContractRegistration.AdditionalProductParameterController"/>
  <testcase name="findAll" time="0.314" classname="TestNG.ContractRegistration.AdditionalProductParameterController"/>
  <testcase name="findById" time="0.363" classname="TestNG.ContractRegistration.AdditionalProductParameterController"/>
  <testcase name="update" time="0.328" classname="TestNG.ContractRegistration.AdditionalProductParameterController"/>
  <testcase name="delete" time="0.346" classname="TestNG.ContractRegistration.AdditionalProductParameterController"/>
  <testcase name="create" time="0.02" classname="TestNG.ContractRegistration.CustomerProductController"/>
  <testcase name="findAll" time="0.349" classname="TestNG.ContractRegistration.CustomerProductController"/>
  <testcase name="findById" time="0.318" classname="TestNG.ContractRegistration.CustomerProductController"/>
  <testcase name="update" time="0.341" classname="TestNG.ContractRegistration.CustomerProductController"/>
  <testcase name="delete" time="0.321" classname="TestNG.ContractRegistration.CustomerProductController"/>
  <testcase name="create" time="5.669" classname="TestNG.ContractRegistration.OfferController"/>
  <testcase name="findAll" time="0.327" classname="TestNG.ContractRegistration.OfferController"/>
  <testcase name="findById" time="0.35" classname="TestNG.ContractRegistration.OfferController"/>
  <testcase name="update" time="0.696" classname="TestNG.ContractRegistration.OfferController"/>
  <testcase name="delete" time="0.308" classname="TestNG.ContractRegistration.OfferController"/>
  <testcase name="create" time="0.012" classname="TestNG.ContractRegistration.JourneyPlanController"/>
  <testcase name="findAll" time="0.291" classname="TestNG.ContractRegistration.JourneyPlanController"/>
  <testcase name="findById" time="0.337" classname="TestNG.ContractRegistration.JourneyPlanController"/>
  <testcase name="delete" time="0.323" classname="TestNG.ContractRegistration.JourneyPlanController"/>
  <testcase name="create" time="0.008" classname="TestNG.ContractRegistration.ExecutionPlanController"/>
  <testcase name="findAll" time="0.333" classname="TestNG.ContractRegistration.ExecutionPlanController"/>
  <testcase name="findById" time="0.346" classname="TestNG.ContractRegistration.ExecutionPlanController"/>
  <testcase name="update" time="0.302" classname="TestNG.ContractRegistration.ExecutionPlanController"/>
  <testcase name="delete" time="0.31" classname="TestNG.ContractRegistration.ExecutionPlanController"/>
  <testcase name="create" time="0.007" classname="TestNG.ContractRegistration.ProductController"/>
  <testcase name="findAll" time="0.327" classname="TestNG.ContractRegistration.ProductController"/>
  <testcase name="findById" time="0.287" classname="TestNG.ContractRegistration.ProductController"/>
  <testcase name="update" time="0.369" classname="TestNG.ContractRegistration.ProductController"/>
  <testcase name="delete" time="0.337" classname="TestNG.ContractRegistration.ProductController"/>
  <testcase name="create" time="0.666" classname="TestNG.ContractRegistration.BusinessUnitController"/>
  <testcase name="findAll" time="0.311" classname="TestNG.ContractRegistration.BusinessUnitController"/>
  <testcase name="findById" time="0.288" classname="TestNG.ContractRegistration.BusinessUnitController"/>
  <testcase name="update" time="0.367" classname="TestNG.ContractRegistration.BusinessUnitController"/>
  <testcase name="delete" time="0.313" classname="TestNG.ContractRegistration.BusinessUnitController"/>
  <testcase name="create" time="0.006" classname="TestNG.ContractRegistration.CompanyController"/>
  <testcase name="findAll" time="0.345" classname="TestNG.ContractRegistration.CompanyController"/>
  <testcase name="findById" time="0.326" classname="TestNG.ContractRegistration.CompanyController"/>
  <testcase name="update" time="0.308" classname="TestNG.ContractRegistration.CompanyController"/>
  <testcase name="delete" time="0.319" classname="TestNG.ContractRegistration.CompanyController"/>
  <testcase name="create" time="0.012" classname="TestNG.ContractRegistration.ContractController"/>
  <testcase name="findAll" time="0.317" classname="TestNG.ContractRegistration.ContractController"/>
  <testcase name="findById" time="0.286" classname="TestNG.ContractRegistration.ContractController"/>
  <testcase name="update" time="0.354" classname="TestNG.ContractRegistration.ContractController"/>
  <testcase name="delete" time="0.329" classname="TestNG.ContractRegistration.ContractController"/>
  <testcase name="create" time="0.339" classname="TestNG.ContractRegistration.MenuController"/>
  <testcase name="findAll" time="0.539" classname="TestNG.ContractRegistration.MenuController"/>
  <testcase name="findById" time="0.297" classname="TestNG.ContractRegistration.MenuController"/>
  <testcase name="update" time="0.32" classname="TestNG.ContractRegistration.MenuController"/>
  <testcase name="deleteTab" time="0.322" classname="TestNG.ContractRegistration.MenuController"/>
  <testcase name="deleteSubMenu" time="0.297" classname="TestNG.ContractRegistration.MenuController"/>
  <testcase name="deleteMenu" time="0.344" classname="TestNG.ContractRegistration.MenuController"/>
  <testcase name="create" time="0.006" classname="TestNG.ContractRegistration.CustomerController"/>
  <testcase name="findAll" time="0.317" classname="TestNG.ContractRegistration.CustomerController"/>
  <testcase name="findById" time="0.311" classname="TestNG.ContractRegistration.CustomerController"/>
  <testcase name="update" time="0.361" classname="TestNG.ContractRegistration.CustomerController"/>
  <testcase name="delete" time="0.303" classname="TestNG.ContractRegistration.CustomerController"/>
  <testcase name="create" time="0.007" classname="TestNG.ContractRegistration.MarketSegmentController"/>
  <testcase name="findAll" time="0.307" classname="TestNG.ContractRegistration.MarketSegmentController"/>
  <testcase name="findById" time="0.305" classname="TestNG.ContractRegistration.MarketSegmentController"/>
  <testcase name="update" time="0.29" classname="TestNG.ContractRegistration.MarketSegmentController"/>
  <testcase name="delete" time="0.358" classname="TestNG.ContractRegistration.MarketSegmentController"/>
  <testcase name="create" time="0.006" classname="TestNG.ContractRegistration.BusinessMarketController"/>
  <testcase name="findAll" time="0.329" classname="TestNG.ContractRegistration.BusinessMarketController"/>
  <testcase name="findById" time="0.341" classname="TestNG.ContractRegistration.BusinessMarketController"/>
  <testcase name="update" time="0.362" classname="TestNG.ContractRegistration.BusinessMarketController"/>
  <testcase name="delete" time="0.287" classname="TestNG.ContractRegistration.BusinessMarketController"/>
  <testcase name="create" time="0.006" classname="TestNG.ContractRegistration.OfferTypeController"/>
  <testcase name="findAll" time="0.319" classname="TestNG.ContractRegistration.OfferTypeController"/>
  <testcase name="findById" time="0.326" classname="TestNG.ContractRegistration.OfferTypeController"/>
  <testcase name="update" time="0.279" classname="TestNG.ContractRegistration.OfferTypeController"/>
  <testcase name="delete" time="0.357" classname="TestNG.ContractRegistration.OfferTypeController"/>
  <testcase name="create" time="0.646" classname="TestNG.ContractRegistration.JourneyStepController"/>
  <testcase name="findAll" time="0.42" classname="TestNG.ContractRegistration.JourneyStepController"/>
  <testcase name="findById" time="0.29" classname="TestNG.ContractRegistration.JourneyStepController"/>
  <testcase name="delete" time="0.307" classname="TestNG.ContractRegistration.JourneyStepController"/>
  <testcase name="create" time="0.006" classname="TestNG.ContractRegistration.JourneyController"/>
  <testcase name="findAll" time="0.307" classname="TestNG.ContractRegistration.JourneyController"/>
  <testcase name="findById" time="0.288" classname="TestNG.ContractRegistration.JourneyController"/>
  <testcase name="update" time="0.34" classname="TestNG.ContractRegistration.JourneyController"/>
  <testcase name="delete" time="0.354" classname="TestNG.ContractRegistration.JourneyController">
    <failure type="java.lang.AssertionError" message="1 expectation failed.
Expected status code &amp;lt;204&amp;gt; but was &amp;lt;500&amp;gt;.
">
      <![CDATA[java.lang.AssertionError: 1 expectation failed.
Expected status code <204> but was <500>.

at org.codehaus.groovy.runtime.callsite.ConstructorSite$ConstructorSiteNoUnwrap.callConstructor(ConstructorSite.java:84)
at org.codehaus.groovy.runtime.callsite.CallSiteArray.defaultCallConstructor(CallSiteArray.java:59)
at org.codehaus.groovy.runtime.callsite.AbstractCallSite.callConstructor(AbstractCallSite.java:237)
at org.codehaus.groovy.runtime.callsite.AbstractCallSite.callConstructor(AbstractCallSite.java:249)
at io.restassured.internal.ResponseSpecificationImpl$HamcrestAssertionClosure.validate(ResponseSpecificationImpl.groovy:493)
at io.restassured.internal.ResponseSpecificationImpl$HamcrestAssertionClosure$validate$1.call(Unknown Source)
at io.restassured.internal.ResponseSpecificationImpl.validateResponseIfRequired(ResponseSpecificationImpl.groovy:674)
at org.codehaus.groovy.runtime.callsite.PlainObjectMetaMethodSite.doInvoke(PlainObjectMetaMethodSite.java:43)
at org.codehaus.groovy.runtime.callsite.PogoMetaMethodSite$PogoCachedMethodSiteNoUnwrapNoCoerce.invoke(PogoMetaMethodSite.java:190)
at org.codehaus.groovy.runtime.callsite.PogoMetaMethodSite.callCurrent(PogoMetaMethodSite.java:58)
at org.codehaus.groovy.runtime.callsite.AbstractCallSite.callCurrent(AbstractCallSite.java:168)
at io.restassured.internal.ResponseSpecificationImpl.statusCode(ResponseSpecificationImpl.groovy:126)
at io.restassured.specification.ResponseSpecification$statusCode$2.callCurrent(Unknown Source)
at io.restassured.internal.ResponseSpecificationImpl.statusCode(ResponseSpecificationImpl.groovy:134)
at io.restassured.internal.ValidatableResponseOptionsImpl.statusCode(ValidatableResponseOptionsImpl.java:89)
at io.restassured.internal.ValidatableResponseImpl.super$2$statusCode(ValidatableResponseImpl.groovy)
at groovy.lang.MetaMethod.doMethodInvoke(MetaMethod.java:323)
at groovy.lang.MetaClassImpl.invokeMethod(MetaClassImpl.java:1217)
at org.codehaus.groovy.runtime.ScriptBytecodeAdapter.invokeMethodOnSuperN(ScriptBytecodeAdapter.java:144)
at io.restassured.internal.ValidatableResponseImpl.statusCode(ValidatableResponseImpl.groovy:142)
at io.restassured.internal.ValidatableResponseImpl.statusCode(ValidatableResponseImpl.groovy)
at TestNG.ContractRegistration.JourneyController.delete(JourneyController.java:81)
at java.util.ArrayList.forEach(ArrayList.java:1257)
... Removed 44 stack frames]]>
    </failure>
  </testcase> <!-- delete -->
  <testcase name="create" time="0.006" classname="TestNG.ContractRegistration.JourneyTypeController"/>
  <testcase name="findAll" time="0.34" classname="TestNG.ContractRegistration.JourneyTypeController"/>
  <testcase name="findById" time="0.321" classname="TestNG.ContractRegistration.JourneyTypeController"/>
  <testcase name="update" time="0.317" classname="TestNG.ContractRegistration.JourneyTypeController"/>
  <testcase name="delete" time="0.341" classname="TestNG.ContractRegistration.JourneyTypeController">
    <failure type="java.lang.AssertionError" message="1 expectation failed.
Expected status code &amp;lt;204&amp;gt; but was &amp;lt;500&amp;gt;.
">
      <![CDATA[java.lang.AssertionError: 1 expectation failed.
Expected status code <204> but was <500>.

at org.codehaus.groovy.runtime.callsite.ConstructorSite$ConstructorSiteNoUnwrap.callConstructor(ConstructorSite.java:84)
at org.codehaus.groovy.runtime.callsite.AbstractCallSite.callConstructor(AbstractCallSite.java:249)
at io.restassured.internal.ResponseSpecificationImpl$HamcrestAssertionClosure.validate(ResponseSpecificationImpl.groovy:493)
at io.restassured.internal.ResponseSpecificationImpl$HamcrestAssertionClosure$validate$1.call(Unknown Source)
at io.restassured.internal.ResponseSpecificationImpl.validateResponseIfRequired(ResponseSpecificationImpl.groovy:674)
at org.codehaus.groovy.runtime.callsite.PlainObjectMetaMethodSite.doInvoke(PlainObjectMetaMethodSite.java:43)
at org.codehaus.groovy.runtime.callsite.PogoMetaMethodSite$PogoCachedMethodSiteNoUnwrapNoCoerce.invoke(PogoMetaMethodSite.java:190)
at org.codehaus.groovy.runtime.callsite.PogoMetaMethodSite.callCurrent(PogoMetaMethodSite.java:58)
at org.codehaus.groovy.runtime.callsite.AbstractCallSite.callCurrent(AbstractCallSite.java:168)
at io.restassured.internal.ResponseSpecificationImpl.statusCode(ResponseSpecificationImpl.groovy:126)
at io.restassured.specification.ResponseSpecification$statusCode$2.callCurrent(Unknown Source)
at io.restassured.internal.ResponseSpecificationImpl.statusCode(ResponseSpecificationImpl.groovy:134)
at io.restassured.internal.ValidatableResponseOptionsImpl.statusCode(ValidatableResponseOptionsImpl.java:89)
at io.restassured.internal.ValidatableResponseImpl.super$2$statusCode(ValidatableResponseImpl.groovy)
at groovy.lang.MetaMethod.doMethodInvoke(MetaMethod.java:323)
at groovy.lang.MetaClassImpl.invokeMethod(MetaClassImpl.java:1217)
at org.codehaus.groovy.runtime.ScriptBytecodeAdapter.invokeMethodOnSuperN(ScriptBytecodeAdapter.java:144)
at io.restassured.internal.ValidatableResponseImpl.statusCode(ValidatableResponseImpl.groovy:142)
at io.restassured.internal.ValidatableResponseImpl.statusCode(ValidatableResponseImpl.groovy)
at TestNG.ContractRegistration.JourneyTypeController.delete(JourneyTypeController.java:77)
at java.util.ArrayList.forEach(ArrayList.java:1257)
... Removed 44 stack frames]]>
    </failure>
  </testcase> <!-- delete -->
  <testcase name="create" time="0.318" classname="TestNG.ContractRegistration.PriceController"/>
  <testcase name="delete" time="0.308" classname="TestNG.ContractRegistration.PriceController"/>
  <testcase name="create" time="0.667" classname="TestNG.ContractRegistration.RangePriceController"/>
  <testcase name="delete" time="0.327" classname="TestNG.ContractRegistration.RangePriceController"/>
</testsuite> <!-- ContractRegistration -->
