<?xml version="1.0" encoding="UTF-8"?>
<testsuite xmlns:xsi="http://www.w3.org/2001/XMLSchema-instance" xsi:noNamespaceSchemaLocation="https://maven.apache.org/surefire/maven-surefire-plugin/xsd/surefire-test-report-3.0.xsd" version="3.0" name="TestSuite" time="38.557" tests="89" errors="0" skipped="0" failures="2">
  <properties>
[...]
</properties>
  <testcase name="create" classname="TestNG.ContractRegistration.AdditionalProductParameterController" time="1.464"/>
  <testcase name="findAll" classname="TestNG.ContractRegistration.AdditionalProductParameterController" time="0.313"/>
  <testcase name="findById" classname="TestNG.ContractRegistration.AdditionalProductParameterController" time="0.363"/>
  <testcase name="update" classname="TestNG.ContractRegistration.AdditionalProductParameterController" time="0.328"/>
  <testcase name="delete" classname="TestNG.ContractRegistration.AdditionalProductParameterController" time="0.346"/>
  <testcase name="create" classname="TestNG.ContractRegistration.CustomerProductController" time="0.02"/>
  <testcase name="findAll" classname="TestNG.ContractRegistration.CustomerProductController" time="0.35"/>
  <testcase name="findById" classname="TestNG.ContractRegistration.CustomerProductController" time="0.319"/>
  <testcase name="update" classname="TestNG.ContractRegistration.CustomerProductController" time="0.34"/>
  <testcase name="delete" classname="TestNG.ContractRegistration.CustomerProductController" time="0.322"/>
  <testcase name="create" classname="TestNG.ContractRegistration.OfferController" time="5.669"/>
  <testcase name="findAll" classname="TestNG.ContractRegistration.OfferController" time="0.327"/>
  <testcase name="findById" classname="TestNG.ContractRegistration.OfferController" time="0.351"/>
  <testcase name="update" classname="TestNG.ContractRegistration.OfferController" time="0.696"/>
  <testcase name="delete" classname="TestNG.ContractRegistration.OfferController" time="0.308"/>
  <testcase name="create" classname="TestNG.ContractRegistration.JourneyPlanController" time="0.012"/>
  <testcase name="findAll" classname="TestNG.ContractRegistration.JourneyPlanController" time="0.291"/>
  <testcase name="findById" classname="TestNG.ContractRegistration.JourneyPlanController" time="0.338"/>
  <testcase name="delete" classname="TestNG.ContractRegistration.JourneyPlanController" time="0.322"/>
  <testcase name="create" classname="TestNG.ContractRegistration.ExecutionPlanController" time="0.008"/>
  <testcase name="findAll" classname="TestNG.ContractRegistration.ExecutionPlanController" time="0.332"/>
  <testcase name="findById" classname="TestNG.ContractRegistration.ExecutionPlanController" time="0.346"/>
  <testcase name="update" classname="TestNG.ContractRegistration.ExecutionPlanController" time="0.302"/>
  <testcase name="delete" classname="TestNG.ContractRegistration.ExecutionPlanController" time="0.31"/>
  <testcase name="create" classname="TestNG.ContractRegistration.ProductController" time="0.007"/>
  <testcase name="findAll" classname="TestNG.ContractRegistration.ProductController" time="0.327"/>
  <testcase name="findById" classname="TestNG.ContractRegistration.ProductController" time="0.287"/>
  <testcase name="update" classname="TestNG.ContractRegistration.ProductController" time="0.369"/>
  <testcase name="delete" classname="TestNG.ContractRegistration.ProductController" time="0.338"/>
  <testcase name="create" classname="TestNG.ContractRegistration.BusinessUnitController" time="0.668"/>
  <testcase name="findAll" classname="TestNG.ContractRegistration.BusinessUnitController" time="0.311"/>
  <testcase name="findById" classname="TestNG.ContractRegistration.BusinessUnitController" time="0.287"/>
  <testcase name="update" classname="TestNG.ContractRegistration.BusinessUnitController" time="0.367"/>
  <testcase name="delete" classname="TestNG.ContractRegistration.BusinessUnitController" time="0.313"/>
  <testcase name="create" classname="TestNG.ContractRegistration.CompanyController" time="0.007"/>
  <testcase name="findAll" classname="TestNG.ContractRegistration.CompanyController" time="0.345"/>
  <testcase name="findById" classname="TestNG.ContractRegistration.CompanyController" time="0.326"/>
  <testcase name="update" classname="TestNG.ContractRegistration.CompanyController" time="0.309"/>
  <testcase name="delete" classname="TestNG.ContractRegistration.CompanyController" time="0.319"/>
  <testcase name="create" classname="TestNG.ContractRegistration.ContractController" time="0.012"/>
  <testcase name="findAll" classname="TestNG.ContractRegistration.ContractController" time="0.317"/>
  <testcase name="findById" classname="TestNG.ContractRegistration.ContractController" time="0.287"/>
  <testcase name="update" classname="TestNG.ContractRegistration.ContractController" time="0.352"/>
  <testcase name="delete" classname="TestNG.ContractRegistration.ContractController" time="0.329"/>
  <testcase name="create" classname="TestNG.ContractRegistration.MenuController" time="0.339"/>
  <testcase name="findAll" classname="TestNG.ContractRegistration.MenuController" time="0.539"/>
  <testcase name="findById" classname="TestNG.ContractRegistration.MenuController" time="0.297"/>
  <testcase name="update" classname="TestNG.ContractRegistration.MenuController" time="0.32"/>
  <testcase name="deleteTab" classname="TestNG.ContractRegistration.MenuController" time="0.322"/>
  <testcase name="deleteSubMenu" classname="TestNG.ContractRegistration.MenuController" time="0.297"/>
  <testcase name="deleteMenu" classname="TestNG.ContractRegistration.MenuController" time="0.345"/>
  <testcase name="create" classname="TestNG.ContractRegistration.CustomerController" time="0.007"/>
  <testcase name="findAll" classname="TestNG.ContractRegistration.CustomerController" time="0.316"/>
  <testcase name="findById" classname="TestNG.ContractRegistration.CustomerController" time="0.311"/>
  <testcase name="update" classname="TestNG.ContractRegistration.CustomerController" time="0.36"/>
  <testcase name="delete" classname="TestNG.ContractRegistration.CustomerController" time="0.302"/>
  <testcase name="create" classname="TestNG.ContractRegistration.MarketSegmentController" time="0.006"/>
  <testcase name="findAll" classname="TestNG.ContractRegistration.MarketSegmentController" time="0.306"/>
  <testcase name="findById" classname="TestNG.ContractRegistration.MarketSegmentController" time="0.305"/>
  <testcase name="update" classname="TestNG.ContractRegistration.MarketSegmentController" time="0.291"/>
  <testcase name="delete" classname="TestNG.ContractRegistration.MarketSegmentController" time="0.358"/>
  <testcase name="create" classname="TestNG.ContractRegistration.BusinessMarketController" time="0.006"/>
  <testcase name="findAll" classname="TestNG.ContractRegistration.BusinessMarketController" time="0.329"/>
  <testcase name="findById" classname="TestNG.ContractRegistration.BusinessMarketController" time="0.342"/>
  <testcase name="update" classname="TestNG.ContractRegistration.BusinessMarketController" time="0.362"/>
  <testcase name="delete" classname="TestNG.ContractRegistration.BusinessMarketController" time="0.287"/>
  <testcase name="create" classname="TestNG.ContractRegistration.OfferTypeController" time="0.006"/>
  <testcase name="findAll" classname="TestNG.ContractRegistration.OfferTypeController" time="0.319"/>
  <testcase name="findById" classname="TestNG.ContractRegistration.OfferTypeController" time="0.326"/>
  <testcase name="update" classname="TestNG.ContractRegistration.OfferTypeController" time="0.278"/>
  <testcase name="delete" classname="TestNG.ContractRegistration.OfferTypeController" time="0.357"/>
  <testcase name="create" classname="TestNG.ContractRegistration.JourneyStepController" time="0.647"/>
  <testcase name="findAll" classname="TestNG.ContractRegistration.JourneyStepController" time="0.419"/>
  <testcase name="findById" classname="TestNG.ContractRegistration.JourneyStepController" time="0.29"/>
  <testcase name="delete" classname="TestNG.ContractRegistration.JourneyStepController" time="0.307"/>
  <testcase name="create" classname="TestNG.ContractRegistration.JourneyController" time="0.007"/>
  <testcase name="findAll" classname="TestNG.ContractRegistration.JourneyController" time="0.308"/>
  <testcase name="findById" classname="TestNG.ContractRegistration.JourneyController" time="0.288"/>
  <testcase name="update" classname="TestNG.ContractRegistration.JourneyController" time="0.34"/>
  <testcase name="delete" classname="TestNG.ContractRegistration.JourneyController" time="0.361">
    <failure message="1 expectation failed.&#10;Expected status code &lt;204&gt; but was &lt;500&gt;.&#10;" type="java.lang.AssertionError"><![CDATA[java.lang.AssertionError: 
1 expectation failed.
Expected status code <204> but was <500>.

	at TestNG.ContractRegistration.JourneyController.delete(JourneyController.java:81)
]]></failure>
    <system-out><![CDATA[Request method:	DELETE
Request URI:	http://gtd-dev-alb-1939265349.us-east-1.elb.amazonaws.com/Api/ContractRegistration/Journey/c0305fe5-9cc3-4450-985c-81fcd354c12d
Proxy:			<none>
Request params:	<none>
Query params:	<none>
Form params:	<none>
Path params:	id=c0305fe5-9cc3-4450-985c-81fcd354c12d
Headers:		Accept=*/*
Cookies:		<none>
Multiparts:		<none>
Body:			<none>

HTTP/1.1 500 Internal Server Error
Date: Wed, 01 Dec 2021 15:12:46 GMT
Content-Type: application/json; charset=utf-8
Content-Length: 4824
Connection: keep-alive
Server: Kestrel

{
    "ClassName": "Microsoft.EntityFrameworkCore.DbUpdateException",
    "Message": "An error occurred while updating the entries. See the inner exception for details.",
    "Data": null,
    "InnerException": {
        "ClassName": "Npgsql.PostgresException",
        "Message": "External component has thrown an exception.",
        "Data": {
            "severity": "ERROR",
            "invariantSeverity": "ERROR",
            "sqlState": "23503",
            "messageText": "update or delete on table \"journey\" violates foreign key constraint \"fk_journeystep_journey\" on table \"journeyStep\"",
            "detail": "Key (id)=(c0305fe5-9cc3-4450-985c-81fcd354c12d) is still referenced from table \"journeyStep\".",
            "schemaName": "Contract",
            "tableName": "journeyStep",
            "constraintName": "fk_journeystep_journey",
            "file": "ri_triggers.c",
            "line": "2488",
            "routine": "ri_ReportViolation"
        },
        "InnerException": null,
        "HelpURL": null,
        "StackTraceString": "   at Npgsql.NpgsqlConnector.<>c__DisplayClass160_0.<<DoReadMessage>g__ReadMessageLong|0>d.MoveNext()\n--- End of stack trace from previous location where exception was thrown ---\n   at Npgsql.NpgsqlConnector.<>c__DisplayClass160_0.<<DoReadMessage>g__ReadMessageLong|0>d.MoveNext()\n--- End of stack trace from previous location where exception was thrown ---\n   at Npgsql.NpgsqlDataReader.NextResult(Boolean async, Boolean isConsuming)\n   at Npgsql.NpgsqlCommand.ExecuteReaderAsync(CommandBehavior behavior, Boolean async, CancellationToken cancellationToken)\n   at Npgsql.NpgsqlCommand.ExecuteDbDataReaderAsync(CommandBehavior behavior, CancellationToken cancellationToken)\n   at Microsoft.EntityFrameworkCore.Storage.RelationalCommand.ExecuteReaderAsync(RelationalCommandParameterObject parameterObject, CancellationToken cancellationToken)\n   at Microsoft.EntityFrameworkCore.Storage.RelationalCommand.ExecuteReaderAsync(RelationalCommandParameterObject parameterObject, CancellationToken cancellationToken)\n   at Microsoft.EntityFrameworkCore.Storage.RelationalCommand.ExecuteReaderAsync(RelationalCommandParameterObject parameterObject, CancellationToken cancellationToken)\n   at Microsoft.EntityFrameworkCore.Update.ReaderModificationCommandBatch.ExecuteAsync(IRelationalConnection connection, CancellationToken cancellationToken)",
        "RemoteStackTraceString": null,
        "RemoteStackIndex": 0,
        "ExceptionMethod": null,
        "HResult": -2147467259,
        "Source": "Npgsql",
        "WatsonBuckets": null,
        "Severity": "ERROR",
        "InvariantSeverity": "ERROR",
        "SqlState": "23503",
        "MessageText": "update or delete on table \"journey\" violates foreign key constraint \"fk_journeystep_journey\" on table \"journeyStep\"",
        "Detail": "Key (id)=(c0305fe5-9cc3-4450-985c-81fcd354c12d) is still referenced from table \"journeyStep\".",
        "Hint": null,
        "Position": 0,
        "InternalPosition": 0,
        "InternalQuery": null,
        "Where": null,
        "SchemaName": "Contract",
        "TableName": "journeyStep",
        "ColumnName": null,
        "DataTypeName": null,
        "ConstraintName": "fk_journeystep_journey",
        "File": "ri_triggers.c",
        "Line": "2488",
        "Routine": "ri_ReportViolation"
    },
    "HelpURL": null,
    "StackTraceString": "   at Microsoft.EntityFrameworkCore.Update.ReaderModificationCommandBatch.ExecuteAsync(IRelationalConnection connection, CancellationToken cancellationToken)\n   at Microsoft.EntityFrameworkCore.Update.Internal.BatchExecutor.ExecuteAsync(IEnumerable`1 commandBatches, IRelationalConnection connection, CancellationToken cancellationToken)\n   at Microsoft.EntityFrameworkCore.Update.Internal.BatchExecutor.ExecuteAsync(IEnumerable`1 commandBatches, IRelationalConnection connection, CancellationToken cancellationToken)\n   at Microsoft.EntityFrameworkCore.ChangeTracking.Internal.StateManager.SaveChangesAsync(IList`1 entriesToSave, CancellationToken cancellationToken)\n   at Microsoft.EntityFrameworkCore.ChangeTracking.Internal.StateManager.SaveChangesAsync(DbContext _, Boolean acceptAllChangesOnSuccess, CancellationToken cancellationToken)\n   at Npgsql.EntityFrameworkCore.PostgreSQL.Storage.Internal.NpgsqlExecutionStrategy.ExecuteAsync[TState,TResult](TState state, Func`4 operation, Func`4 verifySucceeded, CancellationToken cancellationToken)\n   at Microsoft.EntityFrameworkCore.DbContext.SaveChangesAsync(Boolean acceptAllChangesOnSuccess, CancellationToken cancellationToken)\n   at ContratctRegistration.Api.Controllers.GenericController`1.Delete(Guid id) in /builds/gotodata/gtdassets/microbackend/contractregistration/ContractRegistration.Api/Contollers/GenericController.cs:line 134",
    "RemoteStackTraceString": null,
    "RemoteStackIndex": 0,
    "ExceptionMethod": null,
    "HResult": -2146233088,
    "Source": "Microsoft.EntityFrameworkCore.Relational",
    "WatsonBuckets": null
}
]]></system-out>
  </testcase>
  <testcase name="create" classname="TestNG.ContractRegistration.JourneyTypeController" time="0.006"/>
  <testcase name="findAll" classname="TestNG.ContractRegistration.JourneyTypeController" time="0.34"/>
  <testcase name="findById" classname="TestNG.ContractRegistration.JourneyTypeController" time="0.321"/>
  <testcase name="update" classname="TestNG.ContractRegistration.JourneyTypeController" time="0.318"/>
  <testcase name="delete" classname="TestNG.ContractRegistration.JourneyTypeController" time="0.349">
    <failure message="1 expectation failed.&#10;Expected status code &lt;204&gt; but was &lt;500&gt;.&#10;" type="java.lang.AssertionError"><![CDATA[java.lang.AssertionError: 
1 expectation failed.
Expected status code <204> but was <500>.

	at TestNG.ContractRegistration.JourneyTypeController.delete(JourneyTypeController.java:77)
]]></failure>
    <system-out><![CDATA[Request method:	DELETE
Request URI:	http://gtd-dev-alb-1939265349.us-east-1.elb.amazonaws.com/Api/ContractRegistration/JourneyType/a51d9baa-8afa-403d-94d9-6ee9c61032b7
Proxy:			<none>
Request params:	<none>
Query params:	<none>
Form params:	<none>
Path params:	id=a51d9baa-8afa-403d-94d9-6ee9c61032b7
Headers:		Accept=*/*
Cookies:		<none>
Multiparts:		<none>
Body:			<none>

HTTP/1.1 500 Internal Server Error
Date: Wed, 01 Dec 2021 15:12:48 GMT
Content-Type: application/json; charset=utf-8
Content-Length: 4808
Connection: keep-alive
Server: Kestrel

{
    "ClassName": "Microsoft.EntityFrameworkCore.DbUpdateException",
    "Message": "An error occurred while updating the entries. See the inner exception for details.",
    "Data": null,
    "InnerException": {
        "ClassName": "Npgsql.PostgresException",
        "Message": "External component has thrown an exception.",
        "Data": {
            "severity": "ERROR",
            "invariantSeverity": "ERROR",
            "sqlState": "23503",
            "messageText": "update or delete on table \"journeyType\" violates foreign key constraint \"fk_journey_journeytype\" on table \"journey\"",
            "detail": "Key (id)=(a51d9baa-8afa-403d-94d9-6ee9c61032b7) is still referenced from table \"journey\".",
            "schemaName": "Contract",
            "tableName": "journey",
            "constraintName": "fk_journey_journeytype",
            "file": "ri_triggers.c",
            "line": "2488",
            "routine": "ri_ReportViolation"
        },
        "InnerException": null,
        "HelpURL": null,
        "StackTraceString": "   at Npgsql.NpgsqlConnector.<>c__DisplayClass160_0.<<DoReadMessage>g__ReadMessageLong|0>d.MoveNext()\n--- End of stack trace from previous location where exception was thrown ---\n   at Npgsql.NpgsqlConnector.<>c__DisplayClass160_0.<<DoReadMessage>g__ReadMessageLong|0>d.MoveNext()\n--- End of stack trace from previous location where exception was thrown ---\n   at Npgsql.NpgsqlDataReader.NextResult(Boolean async, Boolean isConsuming)\n   at Npgsql.NpgsqlCommand.ExecuteReaderAsync(CommandBehavior behavior, Boolean async, CancellationToken cancellationToken)\n   at Npgsql.NpgsqlCommand.ExecuteDbDataReaderAsync(CommandBehavior behavior, CancellationToken cancellationToken)\n   at Microsoft.EntityFrameworkCore.Storage.RelationalCommand.ExecuteReaderAsync(RelationalCommandParameterObject parameterObject, CancellationToken cancellationToken)\n   at Microsoft.EntityFrameworkCore.Storage.RelationalCommand.ExecuteReaderAsync(RelationalCommandParameterObject parameterObject, CancellationToken cancellationToken)\n   at Microsoft.EntityFrameworkCore.Storage.RelationalCommand.ExecuteReaderAsync(RelationalCommandParameterObject parameterObject, CancellationToken cancellationToken)\n   at Microsoft.EntityFrameworkCore.Update.ReaderModificationCommandBatch.ExecuteAsync(IRelationalConnection connection, CancellationToken cancellationToken)",
        "RemoteStackTraceString": null,
        "RemoteStackIndex": 0,
        "ExceptionMethod": null,
        "HResult": -2147467259,
        "Source": "Npgsql",
        "WatsonBuckets": null,
        "Severity": "ERROR",
        "InvariantSeverity": "ERROR",
        "SqlState": "23503",
        "MessageText": "update or delete on table \"journeyType\" violates foreign key constraint \"fk_journey_journeytype\" on table \"journey\"",
        "Detail": "Key (id)=(a51d9baa-8afa-403d-94d9-6ee9c61032b7) is still referenced from table \"journey\".",
        "Hint": null,
        "Position": 0,
        "InternalPosition": 0,
        "InternalQuery": null,
        "Where": null,
        "SchemaName": "Contract",
        "TableName": "journey",
        "ColumnName": null,
        "DataTypeName": null,
        "ConstraintName": "fk_journey_journeytype",
        "File": "ri_triggers.c",
        "Line": "2488",
        "Routine": "ri_ReportViolation"
    },
    "HelpURL": null,
    "StackTraceString": "   at Microsoft.EntityFrameworkCore.Update.ReaderModificationCommandBatch.ExecuteAsync(IRelationalConnection connection, CancellationToken cancellationToken)\n   at Microsoft.EntityFrameworkCore.Update.Internal.BatchExecutor.ExecuteAsync(IEnumerable`1 commandBatches, IRelationalConnection connection, CancellationToken cancellationToken)\n   at Microsoft.EntityFrameworkCore.Update.Internal.BatchExecutor.ExecuteAsync(IEnumerable`1 commandBatches, IRelationalConnection connection, CancellationToken cancellationToken)\n   at Microsoft.EntityFrameworkCore.ChangeTracking.Internal.StateManager.SaveChangesAsync(IList`1 entriesToSave, CancellationToken cancellationToken)\n   at Microsoft.EntityFrameworkCore.ChangeTracking.Internal.StateManager.SaveChangesAsync(DbContext _, Boolean acceptAllChangesOnSuccess, CancellationToken cancellationToken)\n   at Npgsql.EntityFrameworkCore.PostgreSQL.Storage.Internal.NpgsqlExecutionStrategy.ExecuteAsync[TState,TResult](TState state, Func`4 operation, Func`4 verifySucceeded, CancellationToken cancellationToken)\n   at Microsoft.EntityFrameworkCore.DbContext.SaveChangesAsync(Boolean acceptAllChangesOnSuccess, CancellationToken cancellationToken)\n   at ContratctRegistration.Api.Controllers.GenericController`1.Delete(Guid id) in /builds/gotodata/gtdassets/microbackend/contractregistration/ContractRegistration.Api/Contollers/GenericController.cs:line 134",
    "RemoteStackTraceString": null,
    "RemoteStackIndex": 0,
    "ExceptionMethod": null,
    "HResult": -2146233088,
    "Source": "Microsoft.EntityFrameworkCore.Relational",
    "WatsonBuckets": null
}
]]></system-out>
  </testcase>
  <testcase name="create" classname="TestNG.ContractRegistration.PriceController" time="0.312"/>
  <testcase name="delete" classname="TestNG.ContractRegistration.PriceController" time="0.308"/>
  <testcase name="create" classname="TestNG.ContractRegistration.RangePriceController" time="0.666"/>
  <testcase name="delete" classname="TestNG.ContractRegistration.RangePriceController" time="0.327"/>
</testsuite>